<?xml version="1.0" encoding="UTF-8"?>
<!-- Generated by org.testng.reporters.JUnitReportReporter -->
<testsuite hostname="LAPTOP-IUGDUUJK" failures="0" tests="1" name="test_classes.post_TC1" time="1.579" errors="0" timestamp="2023-06-26T21:56:17 IST" skipped="0">
  <testcase classname="test_classes.post_TC1" name="extractor" time="1.579"/>
</testsuite> <!-- test_classes.post_TC1 -->
