<?xml version="1.0" encoding="UTF-8"?>
<!-- Generated by org.testng.reporters.JUnitReportReporter -->
<testsuite hostname="LAPTOP-IUGDUUJK" failures="0" tests="1" name="test_classes.patch_TC1" time="1.413" errors="0" timestamp="2023-06-26T21:56:17 IST" skipped="0">
  <testcase classname="test_classes.patch_TC1" name="extractor" time="1.413"/>
</testsuite> <!-- test_classes.patch_TC1 -->
