<?xml version="1.0" encoding="UTF-8"?>
<!-- Generated by org.testng.reporters.JUnitReportReporter -->
<testsuite hostname="LAPTOP-IUGDUUJK" failures="0" tests="1" name="test_classes.Patch_Retry_TC1" time="3.518" errors="0" timestamp="2023-06-26T21:56:17 IST" skipped="0">
  <testcase classname="test_classes.Patch_Retry_TC1" name="execute" time="3.518"/>
</testsuite> <!-- test_classes.Patch_Retry_TC1 -->
